<?xml version="1.0" encoding="UTF-8"?>
<coverage generated="1662658904883" clover="3.2.0">
  <project timestamp="1662658904883" name="All files">
    <metrics statements="22" coveredstatements="11" conditionals="4" coveredconditionals="1" methods="9" coveredmethods="1" elements="35" coveredelements="13" complexity="0" loc="22" ncloc="22" packages="2" files="4" classes="4"/>
    <package name="NavSearch">
      <metrics statements="7" coveredstatements="2" conditionals="2" coveredconditionals="0" methods="3" coveredmethods="0"/>
      <file name="index.js" path="C:\Users\Daniel\Main\UVG\Semestre VI\Ing. Software II\DinnersReady\components\NavSearch\index.js">
        <metrics statements="6" coveredstatements="1" conditionals="2" coveredconditionals="0" methods="3" coveredmethods="0"/>
        <line num="6" count="1" type="stmt"/>
        <line num="7" count="0" type="stmt"/>
        <line num="9" count="0" type="stmt"/>
        <line num="11" count="0" type="stmt"/>
        <line num="20" count="0" type="cond" truecount="0" falsecount="2"/>
        <line num="21" count="0" type="stmt"/>
      </file>
      <file name="style.js" path="C:\Users\Daniel\Main\UVG\Semestre VI\Ing. Software II\DinnersReady\components\NavSearch\style.js">
        <metrics statements="1" coveredstatements="1" conditionals="0" coveredconditionals="0" methods="0" coveredmethods="0"/>
        <line num="3" count="1" type="stmt"/>
      </file>
    </package>
    <package name="dropdown">
      <metrics statements="15" coveredstatements="9" conditionals="2" coveredconditionals="1" methods="6" coveredmethods="1"/>
      <file name="dropdown.js" path="C:\Users\Daniel\Main\UVG\Semestre VI\Ing. Software II\DinnersReady\components\dropdown\dropdown.js">
        <metrics statements="14" coveredstatements="8" conditionals="2" coveredconditionals="1" methods="6" coveredmethods="1"/>
        <line num="8" count="1" type="stmt"/>
        <line num="9" count="0" type="stmt"/>
        <line num="18" count="1" type="stmt"/>
        <line num="19" count="1" type="stmt"/>
        <line num="21" count="1" type="stmt"/>
        <line num="22" count="1" type="stmt"/>
        <line num="24" count="1" type="stmt"/>
        <line num="25" count="0" type="stmt"/>
        <line num="28" count="1" type="stmt"/>
        <line num="29" count="0" type="stmt"/>
        <line num="30" count="0" type="stmt"/>
        <line num="31" count="0" type="stmt"/>
        <line num="34" count="1" type="stmt"/>
        <line num="46" count="0" type="stmt"/>
      </file>
      <file name="styles.js" path="C:\Users\Daniel\Main\UVG\Semestre VI\Ing. Software II\DinnersReady\components\dropdown\styles.js">
        <metrics statements="1" coveredstatements="1" conditionals="0" coveredconditionals="0" methods="0" coveredmethods="0"/>
        <line num="3" count="1" type="stmt"/>
      </file>
    </package>
  </project>
</coverage>
