{"C:\\Users\\DELL\\Documents\\U\\Software 2\\DinnersReady\\assets\\images\\sarten.png": {"path":"C:\\Users\\DELL\\Documents\\U\\Software 2\\DinnersReady\\assets\\images\\sarten.png","statementMap":{"0":{"start":{"line":1,"column":0},"end":{"line":4,"column":6}}},"fnMap":{},"branchMap":{},"s":{"0":3},"f":{},"b":{},"inputSourceMap":null,"_coverageSchema":"1a1c01bbd47fc00a2c39e90264f33305004495a9","hash":"67e18cd2c2e73a4fde6b306eb5faef6788e95fc8"}
,"C:\\Users\\DELL\\Documents\\U\\Software 2\\DinnersReady\\assets\\images\\star.png": {"path":"C:\\Users\\DELL\\Documents\\U\\Software 2\\DinnersReady\\assets\\images\\star.png","statementMap":{"0":{"start":{"line":1,"column":0},"end":{"line":4,"column":6}}},"fnMap":{},"branchMap":{},"s":{"0":3},"f":{},"b":{},"inputSourceMap":null,"_coverageSchema":"1a1c01bbd47fc00a2c39e90264f33305004495a9","hash":"cbfb652b11f9cac5383b004e254e59264412ed68"}
,"C:\\Users\\DELL\\Documents\\U\\Software 2\\DinnersReady\\components\\IconBar\\index.js": {"path":"C:\\Users\\DELL\\Documents\\U\\Software 2\\DinnersReady\\components\\IconBar\\index.js","statementMap":{"0":{"start":{"line":7,"column":16},"end":{"line":14,"column":1}},"1":{"start":{"line":9,"column":4},"end":{"line":13,"column":6}}},"fnMap":{"0":{"name":"(anonymous_0)","decl":{"start":{"line":7,"column":16},"end":{"line":7,"column":17}},"loc":{"start":{"line":7,"column":38},"end":{"line":14,"column":1}},"line":7}},"branchMap":{},"s":{"0":2,"1":0},"f":{"0":0},"b":{},"_coverageSchema":"1a1c01bbd47fc00a2c39e90264f33305004495a9","hash":"5c477c10432a6e5abb8a5f43323d03caf0c0bd17"}
,"C:\\Users\\DELL\\Documents\\U\\Software 2\\DinnersReady\\components\\IconBar\\style.js": {"path":"C:\\Users\\DELL\\Documents\\U\\Software 2\\DinnersReady\\components\\IconBar\\style.js","statementMap":{"0":{"start":{"line":3,"column":15},"end":{"line":14,"column":2}},"1":{"start":{"line":3,"column":26},"end":{"line":14,"column":2}}},"fnMap":{"0":{"name":"(anonymous_0)","decl":{"start":{"line":3,"column":15},"end":{"line":3,"column":16}},"loc":{"start":{"line":3,"column":26},"end":{"line":14,"column":2}},"line":3}},"branchMap":{},"s":{"0":2,"1":0},"f":{"0":0},"b":{},"_coverageSchema":"1a1c01bbd47fc00a2c39e90264f33305004495a9","hash":"3a8048369667a16304d47d07daa20fff7c76ad4c"}
,"C:\\Users\\DELL\\Documents\\U\\Software 2\\DinnersReady\\components\\NavBar\\index.js": {"path":"C:\\Users\\DELL\\Documents\\U\\Software 2\\DinnersReady\\components\\NavBar\\index.js","statementMap":{"0":{"start":{"line":7,"column":15},"end":{"line":23,"column":1}},"1":{"start":{"line":8,"column":17},"end":{"line":8,"column":59}},"2":{"start":{"line":9,"column":20},"end":{"line":9,"column":61}},"3":{"start":{"line":10,"column":22},"end":{"line":10,"column":66}},"4":{"start":{"line":11,"column":22},"end":{"line":11,"column":66}},"5":{"start":{"line":12,"column":20},"end":{"line":12,"column":62}},"6":{"start":{"line":14,"column":4},"end":{"line":22,"column":6}}},"fnMap":{"0":{"name":"(anonymous_0)","decl":{"start":{"line":7,"column":15},"end":{"line":7,"column":16}},"loc":{"start":{"line":7,"column":26},"end":{"line":23,"column":1}},"line":7}},"branchMap":{},"s":{"0":2,"1":0,"2":0,"3":0,"4":0,"5":0,"6":0},"f":{"0":0},"b":{},"_coverageSchema":"1a1c01bbd47fc00a2c39e90264f33305004495a9","hash":"7afc10266e0f20c3c3e075c62534de4dc7da884a"}
,"C:\\Users\\DELL\\Documents\\U\\Software 2\\DinnersReady\\components\\NavBar\\style.js": {"path":"C:\\Users\\DELL\\Documents\\U\\Software 2\\DinnersReady\\components\\NavBar\\style.js","statementMap":{"0":{"start":{"line":3,"column":15},"end":{"line":14,"column":2}}},"fnMap":{},"branchMap":{},"s":{"0":2},"f":{},"b":{},"_coverageSchema":"1a1c01bbd47fc00a2c39e90264f33305004495a9","hash":"b0f01573b6c681e4b14b765102361d767bd8a2ba"}
,"C:\\Users\\DELL\\Documents\\U\\Software 2\\DinnersReady\\components\\NavButtons\\index.js": {"path":"C:\\Users\\DELL\\Documents\\U\\Software 2\\DinnersReady\\components\\NavButtons\\index.js","statementMap":{"0":{"start":{"line":7,"column":18},"end":{"line":27,"column":1}},"1":{"start":{"line":11,"column":4},"end":{"line":26,"column":6}},"2":{"start":{"line":21,"column":21},"end":{"line":21,"column":40}}},"fnMap":{"0":{"name":"(anonymous_0)","decl":{"start":{"line":7,"column":18},"end":{"line":7,"column":19}},"loc":{"start":{"line":7,"column":29},"end":{"line":27,"column":1}},"line":7},"1":{"name":"(anonymous_1)","decl":{"start":{"line":20,"column":28},"end":{"line":20,"column":29}},"loc":{"start":{"line":20,"column":34},"end":{"line":22,"column":18}},"line":20}},"branchMap":{},"s":{"0":2,"1":0,"2":0},"f":{"0":0,"1":0},"b":{},"_coverageSchema":"1a1c01bbd47fc00a2c39e90264f33305004495a9","hash":"af746ad68fa2fba52e9369bccaf80c7ef9cbb15c"}
,"C:\\Users\\DELL\\Documents\\U\\Software 2\\DinnersReady\\components\\NavButtons\\style.js": {"path":"C:\\Users\\DELL\\Documents\\U\\Software 2\\DinnersReady\\components\\NavButtons\\style.js","statementMap":{"0":{"start":{"line":3,"column":15},"end":{"line":24,"column":2}}},"fnMap":{},"branchMap":{},"s":{"0":2},"f":{},"b":{},"_coverageSchema":"1a1c01bbd47fc00a2c39e90264f33305004495a9","hash":"ab6381a31e7e8117c897270dbce5999e150d1886"}
,"C:\\Users\\DELL\\Documents\\U\\Software 2\\DinnersReady\\components\\NavSearch\\index.js": {"path":"C:\\Users\\DELL\\Documents\\U\\Software 2\\DinnersReady\\components\\NavSearch\\index.js","statementMap":{"0":{"start":{"line":6,"column":19},"end":{"line":39,"column":1}},"1":{"start":{"line":7,"column":42},"end":{"line":7,"column":60}},"2":{"start":{"line":9,"column":27},"end":{"line":9,"column":57}},"3":{"start":{"line":9,"column":36},"end":{"line":9,"column":57}},"4":{"start":{"line":11,"column":2},"end":{"line":38,"column":4}},"5":{"start":{"line":20,"column":14},"end":{"line":21,"column":44}},"6":{"start":{"line":21,"column":16},"end":{"line":21,"column":43}}},"fnMap":{"0":{"name":"(anonymous_0)","decl":{"start":{"line":6,"column":19},"end":{"line":6,"column":20}},"loc":{"start":{"line":6,"column":25},"end":{"line":39,"column":1}},"line":6},"1":{"name":"(anonymous_1)","decl":{"start":{"line":9,"column":27},"end":{"line":9,"column":28}},"loc":{"start":{"line":9,"column":36},"end":{"line":9,"column":57}},"line":9},"2":{"name":"(anonymous_2)","decl":{"start":{"line":19,"column":24},"end":{"line":19,"column":25}},"loc":{"start":{"line":19,"column":31},"end":{"line":24,"column":15}},"line":19}},"branchMap":{"0":{"loc":{"start":{"line":20,"column":14},"end":{"line":21,"column":44}},"type":"if","locations":[{"start":{"line":20,"column":14},"end":{"line":21,"column":44}},{"start":{},"end":{}}],"line":20}},"s":{"0":2,"1":0,"2":0,"3":0,"4":0,"5":0,"6":0},"f":{"0":0,"1":0,"2":0},"b":{"0":[0,0]},"_coverageSchema":"1a1c01bbd47fc00a2c39e90264f33305004495a9","hash":"4bb89c901ca67a4d27e31003f9e6bdc96e6fcff2"}
,"C:\\Users\\DELL\\Documents\\U\\Software 2\\DinnersReady\\components\\NavSearch\\style.js": {"path":"C:\\Users\\DELL\\Documents\\U\\Software 2\\DinnersReady\\components\\NavSearch\\style.js","statementMap":{"0":{"start":{"line":3,"column":15},"end":{"line":39,"column":2}}},"fnMap":{},"branchMap":{},"s":{"0":2},"f":{},"b":{},"_coverageSchema":"1a1c01bbd47fc00a2c39e90264f33305004495a9","hash":"a7854383558833cb98fa843c68d1b3257b372f7c"}
,"C:\\Users\\DELL\\Documents\\U\\Software 2\\DinnersReady\\components\\PubItem\\index.js": {"path":"C:\\Users\\DELL\\Documents\\U\\Software 2\\DinnersReady\\components\\PubItem\\index.js","statementMap":{"0":{"start":{"line":7,"column":13},"end":{"line":7,"column":52}},"1":{"start":{"line":8,"column":14},"end":{"line":8,"column":55}},"2":{"start":{"line":9,"column":16},"end":{"line":18,"column":3}},"3":{"start":{"line":10,"column":4},"end":{"line":17,"column":5}},"4":{"start":{"line":11,"column":20},"end":{"line":11,"column":58}},"5":{"start":{"line":12,"column":6},"end":{"line":14,"column":7}},"6":{"start":{"line":13,"column":8},"end":{"line":13,"column":20}},"7":{"start":{"line":19,"column":18},"end":{"line":25,"column":1}},"8":{"start":{"line":20,"column":4},"end":{"line":24,"column":5}},"9":{"start":{"line":21,"column":8},"end":{"line":21,"column":63}},"10":{"start":{"line":27,"column":13},"end":{"line":30,"column":1}},"11":{"start":{"line":28,"column":4},"end":{"line":28,"column":20}},"12":{"start":{"line":29,"column":4},"end":{"line":29,"column":30}},"13":{"start":{"line":32,"column":13},"end":{"line":49,"column":1}},"14":{"start":{"line":33,"column":19},"end":{"line":33,"column":34}},"15":{"start":{"line":34,"column":17},"end":{"line":37,"column":5}},"16":{"start":{"line":39,"column":20},"end":{"line":45,"column":5}},"17":{"start":{"line":46,"column":17},"end":{"line":48,"column":56}},"18":{"start":{"line":47,"column":25},"end":{"line":47,"column":47}},"19":{"start":{"line":48,"column":32},"end":{"line":48,"column":53}},"20":{"start":{"line":51,"column":17},"end":{"line":81,"column":1}},"21":{"start":{"line":52,"column":4},"end":{"line":80,"column":5}},"22":{"start":{"line":54,"column":12},"end":{"line":58,"column":13}},"23":{"start":{"line":60,"column":12},"end":{"line":65,"column":13}},"24":{"start":{"line":67,"column":12},"end":{"line":73,"column":13}},"25":{"start":{"line":76,"column":16},"end":{"line":77,"column":23}},"26":{"start":{"line":85,"column":16},"end":{"line":126,"column":1}},"27":{"start":{"line":88,"column":4},"end":{"line":125,"column":6}},"28":{"start":{"line":89,"column":61},"end":{"line":89,"column":81}},"29":{"start":{"line":95,"column":51},"end":{"line":95,"column":75}},"30":{"start":{"line":95,"column":75},"end":{"line":95,"column":82}},"31":{"start":{"line":95,"column":82},"end":{"line":95,"column":90}}},"fnMap":{"0":{"name":"(anonymous_0)","decl":{"start":{"line":9,"column":16},"end":{"line":9,"column":17}},"loc":{"start":{"line":9,"column":28},"end":{"line":18,"column":3}},"line":9},"1":{"name":"(anonymous_1)","decl":{"start":{"line":19,"column":18},"end":{"line":19,"column":19}},"loc":{"start":{"line":19,"column":35},"end":{"line":25,"column":1}},"line":19},"2":{"name":"(anonymous_2)","decl":{"start":{"line":27,"column":13},"end":{"line":27,"column":14}},"loc":{"start":{"line":27,"column":29},"end":{"line":30,"column":1}},"line":27},"3":{"name":"(anonymous_3)","decl":{"start":{"line":32,"column":13},"end":{"line":32,"column":14}},"loc":{"start":{"line":32,"column":25},"end":{"line":49,"column":1}},"line":32},"4":{"name":"(anonymous_4)","decl":{"start":{"line":47,"column":10},"end":{"line":47,"column":11}},"loc":{"start":{"line":47,"column":24},"end":{"line":47,"column":48}},"line":47},"5":{"name":"(anonymous_5)","decl":{"start":{"line":48,"column":10},"end":{"line":48,"column":11}},"loc":{"start":{"line":48,"column":30},"end":{"line":48,"column":55}},"line":48},"6":{"name":"(anonymous_6)","decl":{"start":{"line":51,"column":17},"end":{"line":51,"column":18}},"loc":{"start":{"line":51,"column":33},"end":{"line":81,"column":1}},"line":51},"7":{"name":"(anonymous_7)","decl":{"start":{"line":85,"column":16},"end":{"line":85,"column":17}},"loc":{"start":{"line":85,"column":102},"end":{"line":126,"column":1}},"line":85},"8":{"name":"(anonymous_8)","decl":{"start":{"line":89,"column":55},"end":{"line":89,"column":56}},"loc":{"start":{"line":89,"column":60},"end":{"line":89,"column":82}},"line":89},"9":{"name":"(anonymous_9)","decl":{"start":{"line":95,"column":45},"end":{"line":95,"column":46}},"loc":{"start":{"line":95,"column":50},"end":{"line":95,"column":91}},"line":95}},"branchMap":{"0":{"loc":{"start":{"line":12,"column":6},"end":{"line":14,"column":7}},"type":"if","locations":[{"start":{"line":12,"column":6},"end":{"line":14,"column":7}},{"start":{},"end":{}}],"line":12},"1":{"loc":{"start":{"line":52,"column":4},"end":{"line":80,"column":5}},"type":"switch","locations":[{"start":{"line":53,"column":8},"end":{"line":58,"column":13}},{"start":{"line":59,"column":8},"end":{"line":65,"column":13}},{"start":{"line":66,"column":8},"end":{"line":73,"column":13}},{"start":{"line":75,"column":8},"end":{"line":77,"column":23}}],"line":52}},"s":{"0":3,"1":3,"2":3,"3":0,"4":0,"5":0,"6":0,"7":3,"8":0,"9":0,"10":3,"11":0,"12":0,"13":3,"14":0,"15":0,"16":0,"17":0,"18":0,"19":0,"20":3,"21":4,"22":1,"23":1,"24":1,"25":1,"26":3,"27":4,"28":0,"29":0,"30":0,"31":0},"f":{"0":0,"1":0,"2":0,"3":0,"4":0,"5":0,"6":4,"7":4,"8":0,"9":0},"b":{"0":[0,0],"1":[1,1,1,1]},"_coverageSchema":"1a1c01bbd47fc00a2c39e90264f33305004495a9","hash":"19a7770a2d0bc333f0f332bdb5c4db4e02b08516"}
,"C:\\Users\\DELL\\Documents\\U\\Software 2\\DinnersReady\\components\\PubItem\\style.js": {"path":"C:\\Users\\DELL\\Documents\\U\\Software 2\\DinnersReady\\components\\PubItem\\style.js","statementMap":{"0":{"start":{"line":4,"column":14},"end":{"line":129,"column":2}}},"fnMap":{},"branchMap":{},"s":{"0":3},"f":{},"b":{},"_coverageSchema":"1a1c01bbd47fc00a2c39e90264f33305004495a9","hash":"d5c56d417c5714a1090e7fdac394fd97e65b75c2"}
,"C:\\Users\\DELL\\Documents\\U\\Software 2\\DinnersReady\\components\\StyledButton\\index.js": {"path":"C:\\Users\\DELL\\Documents\\U\\Software 2\\DinnersReady\\components\\StyledButton\\index.js","statementMap":{"0":{"start":{"line":5,"column":21},"end":{"line":25,"column":1}},"1":{"start":{"line":7,"column":17},"end":{"line":7,"column":27}},"2":{"start":{"line":8,"column":20},"end":{"line":8,"column":33}},"3":{"start":{"line":9,"column":20},"end":{"line":9,"column":33}},"4":{"start":{"line":11,"column":28},"end":{"line":11,"column":67}},"5":{"start":{"line":12,"column":22},"end":{"line":12,"column":61}},"6":{"start":{"line":15,"column":4},"end":{"line":24,"column":6}}},"fnMap":{"0":{"name":"(anonymous_0)","decl":{"start":{"line":5,"column":21},"end":{"line":5,"column":22}},"loc":{"start":{"line":5,"column":32},"end":{"line":25,"column":1}},"line":5}},"branchMap":{"0":{"loc":{"start":{"line":11,"column":28},"end":{"line":11,"column":67}},"type":"cond-expr","locations":[{"start":{"line":11,"column":50},"end":{"line":11,"column":57}},{"start":{"line":11,"column":60},"end":{"line":11,"column":67}}],"line":11},"1":{"loc":{"start":{"line":12,"column":22},"end":{"line":12,"column":61}},"type":"cond-expr","locations":[{"start":{"line":12,"column":44},"end":{"line":12,"column":51}},{"start":{"line":12,"column":54},"end":{"line":12,"column":61}}],"line":12}},"s":{"0":2,"1":0,"2":0,"3":0,"4":0,"5":0,"6":0},"f":{"0":0},"b":{"0":[0,0],"1":[0,0]},"_coverageSchema":"1a1c01bbd47fc00a2c39e90264f33305004495a9","hash":"b119099c45b0c51c9f5a45a6ac84705a06b20f3b"}
,"C:\\Users\\DELL\\Documents\\U\\Software 2\\DinnersReady\\components\\StyledButton\\style.js": {"path":"C:\\Users\\DELL\\Documents\\U\\Software 2\\DinnersReady\\components\\StyledButton\\style.js","statementMap":{"0":{"start":{"line":3,"column":15},"end":{"line":21,"column":2}}},"fnMap":{},"branchMap":{},"s":{"0":2},"f":{},"b":{},"_coverageSchema":"1a1c01bbd47fc00a2c39e90264f33305004495a9","hash":"6cc29fa0ee06ac465cd0cb71c42f2e791cbe24db"}
,"C:\\Users\\DELL\\Documents\\U\\Software 2\\DinnersReady\\components\\TitleBar\\index.js": {"path":"C:\\Users\\DELL\\Documents\\U\\Software 2\\DinnersReady\\components\\TitleBar\\index.js","statementMap":{"0":{"start":{"line":7,"column":17},"end":{"line":14,"column":1}},"1":{"start":{"line":9,"column":4},"end":{"line":12,"column":6}}},"fnMap":{"0":{"name":"(anonymous_0)","decl":{"start":{"line":7,"column":17},"end":{"line":7,"column":18}},"loc":{"start":{"line":7,"column":23},"end":{"line":14,"column":1}},"line":7}},"branchMap":{},"s":{"0":2,"1":0},"f":{"0":0},"b":{},"_coverageSchema":"1a1c01bbd47fc00a2c39e90264f33305004495a9","hash":"df6a018685e74ecc380a7fc7b90202be9b96d701"}
,"C:\\Users\\DELL\\Documents\\U\\Software 2\\DinnersReady\\components\\TitleBar\\style.js": {"path":"C:\\Users\\DELL\\Documents\\U\\Software 2\\DinnersReady\\components\\TitleBar\\style.js","statementMap":{"0":{"start":{"line":3,"column":15},"end":{"line":13,"column":2}}},"fnMap":{},"branchMap":{},"s":{"0":2},"f":{},"b":{},"_coverageSchema":"1a1c01bbd47fc00a2c39e90264f33305004495a9","hash":"582277542818e0efb510872891f70b09be3202a5"}
,"C:\\Users\\DELL\\Documents\\U\\Software 2\\DinnersReady\\components\\dropdown\\dropdown.js": {"path":"C:\\Users\\DELL\\Documents\\U\\Software 2\\DinnersReady\\components\\dropdown\\dropdown.js","statementMap":{"0":{"start":{"line":8,"column":15},"end":{"line":16,"column":1}},"1":{"start":{"line":9,"column":4},"end":{"line":15,"column":5}},"2":{"start":{"line":18,"column":17},"end":{"line":52,"column":1}},"3":{"start":{"line":19,"column":21},"end":{"line":19,"column":55}},"4":{"start":{"line":21,"column":35},"end":{"line":21,"column":70}},"5":{"start":{"line":22,"column":33},"end":{"line":22,"column":54}},"6":{"start":{"line":24,"column":20},"end":{"line":26,"column":5}},"7":{"start":{"line":25,"column":8},"end":{"line":25,"column":28}},"8":{"start":{"line":28,"column":19},"end":{"line":32,"column":5}},"9":{"start":{"line":29,"column":8},"end":{"line":29,"column":26}},"10":{"start":{"line":30,"column":8},"end":{"line":30,"column":28}},"11":{"start":{"line":31,"column":8},"end":{"line":31,"column":17}},"12":{"start":{"line":34,"column":4},"end":{"line":51,"column":3}},"13":{"start":{"line":46,"column":46},"end":{"line":46,"column":116}},"14":{"start":{"line":46,"column":98},"end":{"line":46,"column":113}}},"fnMap":{"0":{"name":"(anonymous_0)","decl":{"start":{"line":8,"column":15},"end":{"line":8,"column":16}},"loc":{"start":{"line":8,"column":38},"end":{"line":16,"column":1}},"line":8},"1":{"name":"(anonymous_1)","decl":{"start":{"line":18,"column":17},"end":{"line":18,"column":18}},"loc":{"start":{"line":18,"column":37},"end":{"line":52,"column":1}},"line":18},"2":{"name":"(anonymous_2)","decl":{"start":{"line":24,"column":20},"end":{"line":24,"column":21}},"loc":{"start":{"line":24,"column":26},"end":{"line":26,"column":5}},"line":24},"3":{"name":"(anonymous_3)","decl":{"start":{"line":28,"column":19},"end":{"line":28,"column":20}},"loc":{"start":{"line":28,"column":29},"end":{"line":32,"column":5}},"line":28},"4":{"name":"(anonymous_4)","decl":{"start":{"line":46,"column":33},"end":{"line":46,"column":34}},"loc":{"start":{"line":46,"column":46},"end":{"line":46,"column":116}},"line":46},"5":{"name":"(anonymous_5)","decl":{"start":{"line":46,"column":92},"end":{"line":46,"column":93}},"loc":{"start":{"line":46,"column":98},"end":{"line":46,"column":113}},"line":46}},"branchMap":{"0":{"loc":{"start":{"line":43,"column":12},"end":{"line":48,"column":19}},"type":"binary-expr","locations":[{"start":{"line":43,"column":12},"end":{"line":43,"column":19}},{"start":{"line":44,"column":12},"end":{"line":48,"column":19}}],"line":43}},"s":{"0":1,"1":0,"2":1,"3":1,"4":1,"5":1,"6":1,"7":0,"8":1,"9":0,"10":0,"11":0,"12":1,"13":0,"14":0},"f":{"0":0,"1":1,"2":0,"3":0,"4":0,"5":0},"b":{"0":[1,0]},"_coverageSchema":"1a1c01bbd47fc00a2c39e90264f33305004495a9","hash":"2c37182a2d750b75bbd474228ea596b619ea2d39"}
,"C:\\Users\\DELL\\Documents\\U\\Software 2\\DinnersReady\\components\\dropdown\\styles.js": {"path":"C:\\Users\\DELL\\Documents\\U\\Software 2\\DinnersReady\\components\\dropdown\\styles.js","statementMap":{"0":{"start":{"line":3,"column":15},"end":{"line":29,"column":2}}},"fnMap":{},"branchMap":{},"s":{"0":1},"f":{},"b":{},"_coverageSchema":"1a1c01bbd47fc00a2c39e90264f33305004495a9","hash":"e47fa72ffefe4ef7453d54ff657ee4a5f9cbe793"}
,"C:\\Users\\DELL\\Documents\\U\\Software 2\\DinnersReady\\views\\HomeAlacena.js": {"path":"C:\\Users\\DELL\\Documents\\U\\Software 2\\DinnersReady\\views\\HomeAlacena.js","statementMap":{"0":{"start":{"line":16,"column":25},"end":{"line":16,"column":64}},"1":{"start":{"line":17,"column":24},"end":{"line":17,"column":60}},"2":{"start":{"line":18,"column":22},"end":{"line":18,"column":74}},"3":{"start":{"line":19,"column":16},"end":{"line":19,"column":56}},"4":{"start":{"line":20,"column":18},"end":{"line":20,"column":59}},"5":{"start":{"line":22,"column":32},"end":{"line":22,"column":50}},"6":{"start":{"line":23,"column":34},"end":{"line":23,"column":52}},"7":{"start":{"line":26,"column":18},"end":{"line":36,"column":3}},"8":{"start":{"line":27,"column":4},"end":{"line":35,"column":5}},"9":{"start":{"line":29,"column":20},"end":{"line":29,"column":58}},"10":{"start":{"line":30,"column":6},"end":{"line":32,"column":7}},"11":{"start":{"line":31,"column":8},"end":{"line":31,"column":20}},"12":{"start":{"line":38,"column":23},"end":{"line":49,"column":3}},"13":{"start":{"line":39,"column":4},"end":{"line":48,"column":5}},"14":{"start":{"line":40,"column":6},"end":{"line":40,"column":26}},"15":{"start":{"line":42,"column":6},"end":{"line":47,"column":7}},"16":{"start":{"line":43,"column":8},"end":{"line":43,"column":51}},"17":{"start":{"line":43,"column":41},"end":{"line":43,"column":49}},"18":{"start":{"line":45,"column":11},"end":{"line":47,"column":7}},"19":{"start":{"line":46,"column":8},"end":{"line":46,"column":38}},"20":{"start":{"line":52,"column":2},"end":{"line":87,"column":7}},"21":{"start":{"line":56,"column":20},"end":{"line":56,"column":25}},"22":{"start":{"line":57,"column":16},"end":{"line":57,"column":68}},"23":{"start":{"line":58,"column":21},"end":{"line":60,"column":6}},"24":{"start":{"line":61,"column":25},"end":{"line":61,"column":46}},"25":{"start":{"line":63,"column":20},"end":{"line":63,"column":32}},"26":{"start":{"line":64,"column":4},"end":{"line":64,"column":24}},"27":{"start":{"line":65,"column":16},"end":{"line":65,"column":18}},"28":{"start":{"line":66,"column":4},"end":{"line":75,"column":5}},"29":{"start":{"line":66,"column":17},"end":{"line":66,"column":18}},"30":{"start":{"line":68,"column":19},"end":{"line":68,"column":75}},"31":{"start":{"line":69,"column":24},"end":{"line":71,"column":8}},"32":{"start":{"line":72,"column":28},"end":{"line":72,"column":50}},"33":{"start":{"line":74,"column":6},"end":{"line":74,"column":34}},"34":{"start":{"line":76,"column":4},"end":{"line":76,"column":21}},"35":{"start":{"line":78,"column":17},"end":{"line":78,"column":59}},"36":{"start":{"line":79,"column":22},"end":{"line":81,"column":6}},"37":{"start":{"line":82,"column":26},"end":{"line":82,"column":48}},"38":{"start":{"line":83,"column":15},"end":{"line":83,"column":17}},"39":{"start":{"line":84,"column":4},"end":{"line":84,"column":48}},"40":{"start":{"line":84,"column":30},"end":{"line":84,"column":47}},"41":{"start":{"line":85,"column":4},"end":{"line":85,"column":18}},"42":{"start":{"line":91,"column":4},"end":{"line":91,"column":30}},"43":{"start":{"line":94,"column":2},"end":{"line":124,"column":4}},"44":{"start":{"line":106,"column":20},"end":{"line":117,"column":55}},"45":{"start":{"line":127,"column":15},"end":{"line":138,"column":1}},"46":{"start":{"line":128,"column":14},"end":{"line":128,"column":16}},"47":{"start":{"line":129,"column":2},"end":{"line":135,"column":3}},"48":{"start":{"line":130,"column":4},"end":{"line":130,"column":21}},"49":{"start":{"line":131,"column":8},"end":{"line":135,"column":3}},"50":{"start":{"line":132,"column":4},"end":{"line":132,"column":21}},"51":{"start":{"line":134,"column":4},"end":{"line":134,"column":21}},"52":{"start":{"line":137,"column":2},"end":{"line":137,"column":14}},"53":{"start":{"line":140,"column":15},"end":{"line":168,"column":2}}},"fnMap":{"0":{"name":"HomeAlacena","decl":{"start":{"line":14,"column":9},"end":{"line":14,"column":20}},"loc":{"start":{"line":14,"column":28},"end":{"line":125,"column":1}},"line":14},"1":{"name":"(anonymous_1)","decl":{"start":{"line":26,"column":18},"end":{"line":26,"column":19}},"loc":{"start":{"line":26,"column":30},"end":{"line":36,"column":3}},"line":26},"2":{"name":"(anonymous_2)","decl":{"start":{"line":38,"column":23},"end":{"line":38,"column":24}},"loc":{"start":{"line":38,"column":30},"end":{"line":49,"column":3}},"line":38},"3":{"name":"(anonymous_3)","decl":{"start":{"line":43,"column":36},"end":{"line":43,"column":37}},"loc":{"start":{"line":43,"column":41},"end":{"line":43,"column":49}},"line":43},"4":{"name":"(anonymous_4)","decl":{"start":{"line":52,"column":13},"end":{"line":52,"column":14}},"loc":{"start":{"line":52,"column":25},"end":{"line":87,"column":3}},"line":52},"5":{"name":"(anonymous_5)","decl":{"start":{"line":84,"column":22},"end":{"line":84,"column":23}},"loc":{"start":{"line":84,"column":30},"end":{"line":84,"column":47}},"line":84},"6":{"name":"Pruebaset","decl":{"start":{"line":89,"column":11},"end":{"line":89,"column":20}},"loc":{"start":{"line":89,"column":37},"end":{"line":92,"column":3}},"line":89},"7":{"name":"(anonymous_7)","decl":{"start":{"line":105,"column":32},"end":{"line":105,"column":33}},"loc":{"start":{"line":106,"column":20},"end":{"line":117,"column":55}},"line":106},"8":{"name":"(anonymous_8)","decl":{"start":{"line":127,"column":15},"end":{"line":127,"column":16}},"loc":{"start":{"line":127,"column":23},"end":{"line":138,"column":1}},"line":127}},"branchMap":{"0":{"loc":{"start":{"line":30,"column":6},"end":{"line":32,"column":7}},"type":"if","locations":[{"start":{"line":30,"column":6},"end":{"line":32,"column":7}},{"start":{},"end":{}}],"line":30},"1":{"loc":{"start":{"line":39,"column":4},"end":{"line":48,"column":5}},"type":"if","locations":[{"start":{"line":39,"column":4},"end":{"line":48,"column":5}},{"start":{},"end":{}}],"line":39},"2":{"loc":{"start":{"line":42,"column":6},"end":{"line":47,"column":7}},"type":"if","locations":[{"start":{"line":42,"column":6},"end":{"line":47,"column":7}},{"start":{"line":45,"column":11},"end":{"line":47,"column":7}}],"line":42},"3":{"loc":{"start":{"line":45,"column":11},"end":{"line":47,"column":7}},"type":"if","locations":[{"start":{"line":45,"column":11},"end":{"line":47,"column":7}},{"start":{},"end":{}}],"line":45},"4":{"loc":{"start":{"line":110,"column":29},"end":{"line":110,"column":71}},"type":"cond-expr","locations":[{"start":{"line":110,"column":58},"end":{"line":110,"column":63}},{"start":{"line":110,"column":64},"end":{"line":110,"column":71}}],"line":110},"5":{"loc":{"start":{"line":129,"column":2},"end":{"line":135,"column":3}},"type":"if","locations":[{"start":{"line":129,"column":2},"end":{"line":135,"column":3}},{"start":{"line":131,"column":8},"end":{"line":135,"column":3}}],"line":129},"6":{"loc":{"start":{"line":131,"column":8},"end":{"line":135,"column":3}},"type":"if","locations":[{"start":{"line":131,"column":8},"end":{"line":135,"column":3}},{"start":{"line":133,"column":7},"end":{"line":135,"column":3}}],"line":131}},"s":{"0":0,"1":0,"2":0,"3":0,"4":0,"5":0,"6":0,"7":0,"8":0,"9":0,"10":0,"11":0,"12":0,"13":0,"14":0,"15":0,"16":0,"17":0,"18":0,"19":0,"20":0,"21":0,"22":0,"23":0,"24":0,"25":0,"26":0,"27":0,"28":0,"29":0,"30":0,"31":0,"32":0,"33":0,"34":0,"35":0,"36":0,"37":0,"38":0,"39":0,"40":0,"41":0,"42":0,"43":0,"44":0,"45":2,"46":0,"47":0,"48":0,"49":0,"50":0,"51":0,"52":0,"53":2},"f":{"0":0,"1":0,"2":0,"3":0,"4":0,"5":0,"6":0,"7":0,"8":0},"b":{"0":[0,0],"1":[0,0],"2":[0,0],"3":[0,0],"4":[0,0],"5":[0,0],"6":[0,0]},"_coverageSchema":"1a1c01bbd47fc00a2c39e90264f33305004495a9","hash":"95e13c751db942e38b96183032335b847d1cf2c9"}
}
