{"C:\\Users\\Daniel\\Main\\UVG\\Semestre VI\\Ing. Software II\\DinnersReady\\components\\NavSearch\\index.js": {"path":"C:\\Users\\Daniel\\Main\\UVG\\Semestre VI\\Ing. Software II\\DinnersReady\\components\\NavSearch\\index.js","statementMap":{"0":{"start":{"line":6,"column":19},"end":{"line":39,"column":1}},"1":{"start":{"line":7,"column":42},"end":{"line":7,"column":60}},"2":{"start":{"line":9,"column":27},"end":{"line":9,"column":57}},"3":{"start":{"line":9,"column":36},"end":{"line":9,"column":57}},"4":{"start":{"line":11,"column":2},"end":{"line":38,"column":4}},"5":{"start":{"line":20,"column":14},"end":{"line":21,"column":44}},"6":{"start":{"line":21,"column":16},"end":{"line":21,"column":43}}},"fnMap":{"0":{"name":"(anonymous_0)","decl":{"start":{"line":6,"column":19},"end":{"line":6,"column":20}},"loc":{"start":{"line":6,"column":25},"end":{"line":39,"column":1}},"line":6},"1":{"name":"(anonymous_1)","decl":{"start":{"line":9,"column":27},"end":{"line":9,"column":28}},"loc":{"start":{"line":9,"column":36},"end":{"line":9,"column":57}},"line":9},"2":{"name":"(anonymous_2)","decl":{"start":{"line":19,"column":24},"end":{"line":19,"column":25}},"loc":{"start":{"line":19,"column":31},"end":{"line":24,"column":15}},"line":19}},"branchMap":{"0":{"loc":{"start":{"line":20,"column":14},"end":{"line":21,"column":44}},"type":"if","locations":[{"start":{"line":20,"column":14},"end":{"line":21,"column":44}},{"start":{},"end":{}}],"line":20}},"s":{"0":1,"1":0,"2":0,"3":0,"4":0,"5":0,"6":0},"f":{"0":0,"1":0,"2":0},"b":{"0":[0,0]},"_coverageSchema":"1a1c01bbd47fc00a2c39e90264f33305004495a9","hash":"d814f18482bb6a4c1c172c8bc385269f52367522"}
,"C:\\Users\\Daniel\\Main\\UVG\\Semestre VI\\Ing. Software II\\DinnersReady\\components\\NavSearch\\style.js": {"path":"C:\\Users\\Daniel\\Main\\UVG\\Semestre VI\\Ing. Software II\\DinnersReady\\components\\NavSearch\\style.js","statementMap":{"0":{"start":{"line":3,"column":15},"end":{"line":39,"column":2}}},"fnMap":{},"branchMap":{},"s":{"0":1},"f":{},"b":{},"_coverageSchema":"1a1c01bbd47fc00a2c39e90264f33305004495a9","hash":"5f6da7afae6179bfbc0d99d163a793dfe7d70ced"}
,"C:\\Users\\Daniel\\Main\\UVG\\Semestre VI\\Ing. Software II\\DinnersReady\\components\\dropdown\\dropdown.js": {"path":"C:\\Users\\Daniel\\Main\\UVG\\Semestre VI\\Ing. Software II\\DinnersReady\\components\\dropdown\\dropdown.js","statementMap":{"0":{"start":{"line":8,"column":15},"end":{"line":16,"column":1}},"1":{"start":{"line":9,"column":4},"end":{"line":15,"column":5}},"2":{"start":{"line":18,"column":17},"end":{"line":52,"column":1}},"3":{"start":{"line":19,"column":21},"end":{"line":19,"column":55}},"4":{"start":{"line":21,"column":35},"end":{"line":21,"column":70}},"5":{"start":{"line":22,"column":33},"end":{"line":22,"column":54}},"6":{"start":{"line":24,"column":20},"end":{"line":26,"column":5}},"7":{"start":{"line":25,"column":8},"end":{"line":25,"column":28}},"8":{"start":{"line":28,"column":19},"end":{"line":32,"column":5}},"9":{"start":{"line":29,"column":8},"end":{"line":29,"column":26}},"10":{"start":{"line":30,"column":8},"end":{"line":30,"column":28}},"11":{"start":{"line":31,"column":8},"end":{"line":31,"column":17}},"12":{"start":{"line":34,"column":4},"end":{"line":51,"column":3}},"13":{"start":{"line":46,"column":46},"end":{"line":46,"column":116}},"14":{"start":{"line":46,"column":98},"end":{"line":46,"column":113}}},"fnMap":{"0":{"name":"(anonymous_0)","decl":{"start":{"line":8,"column":15},"end":{"line":8,"column":16}},"loc":{"start":{"line":8,"column":38},"end":{"line":16,"column":1}},"line":8},"1":{"name":"(anonymous_1)","decl":{"start":{"line":18,"column":17},"end":{"line":18,"column":18}},"loc":{"start":{"line":18,"column":37},"end":{"line":52,"column":1}},"line":18},"2":{"name":"(anonymous_2)","decl":{"start":{"line":24,"column":20},"end":{"line":24,"column":21}},"loc":{"start":{"line":24,"column":26},"end":{"line":26,"column":5}},"line":24},"3":{"name":"(anonymous_3)","decl":{"start":{"line":28,"column":19},"end":{"line":28,"column":20}},"loc":{"start":{"line":28,"column":29},"end":{"line":32,"column":5}},"line":28},"4":{"name":"(anonymous_4)","decl":{"start":{"line":46,"column":33},"end":{"line":46,"column":34}},"loc":{"start":{"line":46,"column":46},"end":{"line":46,"column":116}},"line":46},"5":{"name":"(anonymous_5)","decl":{"start":{"line":46,"column":92},"end":{"line":46,"column":93}},"loc":{"start":{"line":46,"column":98},"end":{"line":46,"column":113}},"line":46}},"branchMap":{"0":{"loc":{"start":{"line":43,"column":12},"end":{"line":48,"column":19}},"type":"binary-expr","locations":[{"start":{"line":43,"column":12},"end":{"line":43,"column":19}},{"start":{"line":44,"column":12},"end":{"line":48,"column":19}}],"line":43}},"s":{"0":1,"1":0,"2":1,"3":1,"4":1,"5":1,"6":1,"7":0,"8":1,"9":0,"10":0,"11":0,"12":1,"13":0,"14":0},"f":{"0":0,"1":1,"2":0,"3":0,"4":0,"5":0},"b":{"0":[1,0]},"_coverageSchema":"1a1c01bbd47fc00a2c39e90264f33305004495a9","hash":"b73734b059660c3f78fb3e362d440c33e8b50daf"}
,"C:\\Users\\Daniel\\Main\\UVG\\Semestre VI\\Ing. Software II\\DinnersReady\\components\\dropdown\\styles.js": {"path":"C:\\Users\\Daniel\\Main\\UVG\\Semestre VI\\Ing. Software II\\DinnersReady\\components\\dropdown\\styles.js","statementMap":{"0":{"start":{"line":3,"column":15},"end":{"line":29,"column":2}}},"fnMap":{},"branchMap":{},"s":{"0":1},"f":{},"b":{},"_coverageSchema":"1a1c01bbd47fc00a2c39e90264f33305004495a9","hash":"f97f46e8649ddad5c31365c497f70c1cc57e8fb5"}
}
