TN:
SF:assets\images\sarten.png
FNF:0
FNH:0
DA:1,3
LF:1
LH:1
BRF:0
BRH:0
end_of_record
TN:
SF:assets\images\star.png
FNF:0
FNH:0
DA:1,3
LF:1
LH:1
BRF:0
BRH:0
end_of_record
TN:
SF:components\IconBar\index.js
FN:7,(anonymous_0)
FNF:1
FNH:0
FNDA:0,(anonymous_0)
DA:7,2
DA:9,0
LF:2
LH:1
BRF:0
BRH:0
end_of_record
TN:
SF:components\IconBar\style.js
FN:3,(anonymous_0)
FNF:1
FNH:0
FNDA:0,(anonymous_0)
DA:3,2
LF:1
LH:1
BRF:0
BRH:0
end_of_record
TN:
SF:components\NavBar\index.js
FN:7,(anonymous_0)
FNF:1
FNH:0
FNDA:0,(anonymous_0)
DA:7,2
DA:8,0
DA:9,0
DA:10,0
DA:11,0
DA:12,0
DA:14,0
LF:7
LH:1
BRF:0
BRH:0
end_of_record
TN:
SF:components\NavBar\style.js
FNF:0
FNH:0
DA:3,2
LF:1
LH:1
BRF:0
BRH:0
end_of_record
TN:
SF:components\NavButtons\index.js
FN:7,(anonymous_0)
FN:20,(anonymous_1)
FNF:2
FNH:0
FNDA:0,(anonymous_0)
FNDA:0,(anonymous_1)
DA:7,2
DA:11,0
DA:21,0
LF:3
LH:1
BRF:0
BRH:0
end_of_record
TN:
SF:components\NavButtons\style.js
FNF:0
FNH:0
DA:3,2
LF:1
LH:1
BRF:0
BRH:0
end_of_record
TN:
SF:components\NavSearch\index.js
FN:6,(anonymous_0)
FN:9,(anonymous_1)
FN:19,(anonymous_2)
FNF:3
FNH:0
FNDA:0,(anonymous_0)
FNDA:0,(anonymous_1)
FNDA:0,(anonymous_2)
DA:6,2
DA:7,0
DA:9,0
DA:11,0
DA:20,0
DA:21,0
LF:6
LH:1
BRDA:20,0,0,0
BRDA:20,0,1,0
BRF:2
BRH:0
end_of_record
TN:
SF:components\NavSearch\style.js
FNF:0
FNH:0
DA:3,2
LF:1
LH:1
BRF:0
BRH:0
end_of_record
TN:
SF:components\PubItem\index.js
FN:9,(anonymous_0)
FN:19,(anonymous_1)
FN:27,(anonymous_2)
FN:32,(anonymous_3)
FN:47,(anonymous_4)
FN:48,(anonymous_5)
FN:51,(anonymous_6)
FN:85,(anonymous_7)
FN:89,(anonymous_8)
FN:95,(anonymous_9)
FNF:10
FNH:2
FNDA:0,(anonymous_0)
FNDA:0,(anonymous_1)
FNDA:0,(anonymous_2)
FNDA:0,(anonymous_3)
FNDA:0,(anonymous_4)
FNDA:0,(anonymous_5)
FNDA:4,(anonymous_6)
FNDA:4,(anonymous_7)
FNDA:0,(anonymous_8)
FNDA:0,(anonymous_9)
DA:7,3
DA:8,3
DA:9,3
DA:10,0
DA:11,0
DA:12,0
DA:13,0
DA:19,3
DA:20,0
DA:21,0
DA:27,3
DA:28,0
DA:29,0
DA:32,3
DA:33,0
DA:34,0
DA:39,0
DA:46,0
DA:47,0
DA:48,0
DA:51,3
DA:52,4
DA:54,1
DA:60,1
DA:67,1
DA:76,1
DA:85,3
DA:88,4
DA:89,0
DA:95,0
LF:30
LH:14
BRDA:12,0,0,0
BRDA:12,0,1,0
BRDA:52,1,0,1
BRDA:52,1,1,1
BRDA:52,1,2,1
BRDA:52,1,3,1
BRF:6
BRH:4
end_of_record
TN:
SF:components\PubItem\style.js
FNF:0
FNH:0
DA:4,3
LF:1
LH:1
BRF:0
BRH:0
end_of_record
TN:
SF:components\StyledButton\index.js
FN:5,(anonymous_0)
FNF:1
FNH:0
FNDA:0,(anonymous_0)
DA:5,2
DA:7,0
DA:8,0
DA:9,0
DA:11,0
DA:12,0
DA:15,0
LF:7
LH:1
BRDA:11,0,0,0
BRDA:11,0,1,0
BRDA:12,1,0,0
BRDA:12,1,1,0
BRF:4
BRH:0
end_of_record
TN:
SF:components\StyledButton\style.js
FNF:0
FNH:0
DA:3,2
LF:1
LH:1
BRF:0
BRH:0
end_of_record
TN:
SF:components\TitleBar\index.js
FN:7,(anonymous_0)
FNF:1
FNH:0
FNDA:0,(anonymous_0)
DA:7,2
DA:9,0
LF:2
LH:1
BRF:0
BRH:0
end_of_record
TN:
SF:components\TitleBar\style.js
FNF:0
FNH:0
DA:3,2
LF:1
LH:1
BRF:0
BRH:0
end_of_record
TN:
SF:components\dropdown\dropdown.js
FN:8,(anonymous_0)
FN:18,(anonymous_1)
FN:24,(anonymous_2)
FN:28,(anonymous_3)
FN:46,(anonymous_4)
FN:46,(anonymous_5)
FNF:6
FNH:1
FNDA:0,(anonymous_0)
FNDA:1,(anonymous_1)
FNDA:0,(anonymous_2)
FNDA:0,(anonymous_3)
FNDA:0,(anonymous_4)
FNDA:0,(anonymous_5)
DA:8,1
DA:9,0
DA:18,1
DA:19,1
DA:21,1
DA:22,1
DA:24,1
DA:25,0
DA:28,1
DA:29,0
DA:30,0
DA:31,0
DA:34,1
DA:46,0
LF:14
LH:8
BRDA:43,0,0,1
BRDA:43,0,1,0
BRF:2
BRH:1
end_of_record
TN:
SF:components\dropdown\styles.js
FNF:0
FNH:0
DA:3,1
LF:1
LH:1
BRF:0
BRH:0
end_of_record
TN:
SF:views\HomeAlacena.js
FN:14,HomeAlacena
FN:26,(anonymous_1)
FN:38,(anonymous_2)
FN:43,(anonymous_3)
FN:52,(anonymous_4)
FN:84,(anonymous_5)
FN:89,Pruebaset
FN:105,(anonymous_7)
FN:127,(anonymous_8)
FNF:9
FNH:0
FNDA:0,HomeAlacena
FNDA:0,(anonymous_1)
FNDA:0,(anonymous_2)
FNDA:0,(anonymous_3)
FNDA:0,(anonymous_4)
FNDA:0,(anonymous_5)
FNDA:0,Pruebaset
FNDA:0,(anonymous_7)
FNDA:0,(anonymous_8)
DA:16,0
DA:17,0
DA:18,0
DA:19,0
DA:20,0
DA:22,0
DA:23,0
DA:26,0
DA:27,0
DA:29,0
DA:30,0
DA:31,0
DA:38,0
DA:39,0
DA:40,0
DA:42,0
DA:43,0
DA:45,0
DA:46,0
DA:52,0
DA:56,0
DA:57,0
DA:58,0
DA:61,0
DA:63,0
DA:64,0
DA:65,0
DA:66,0
DA:68,0
DA:69,0
DA:72,0
DA:74,0
DA:76,0
DA:78,0
DA:79,0
DA:82,0
DA:83,0
DA:84,0
DA:85,0
DA:91,0
DA:94,0
DA:106,0
DA:127,2
DA:128,0
DA:129,0
DA:130,0
DA:131,0
DA:132,0
DA:134,0
DA:137,0
DA:140,2
LF:51
LH:2
BRDA:30,0,0,0
BRDA:30,0,1,0
BRDA:39,1,0,0
BRDA:39,1,1,0
BRDA:42,2,0,0
BRDA:42,2,1,0
BRDA:45,3,0,0
BRDA:45,3,1,0
BRDA:110,4,0,0
BRDA:110,4,1,0
BRDA:129,5,0,0
BRDA:129,5,1,0
BRDA:131,6,0,0
BRDA:131,6,1,0
BRF:14
BRH:0
end_of_record
